[2025-09-23T07:10:05.496+0000] {processor.py:161} INFO - Started process (PID=168) to work on /opt/airflow/orchestration/example_dag.py
[2025-09-23T07:10:05.502+0000] {processor.py:830} INFO - Processing file /opt/airflow/orchestration/example_dag.py for tasks to queue
[2025-09-23T07:10:05.515+0000] {logging_mixin.py:188} INFO - [2025-09-23T07:10:05.512+0000] {dagbag.py:545} INFO - Filling up the DagBag from /opt/airflow/orchestration/example_dag.py
[2025-09-23T07:10:05.607+0000] {processor.py:840} INFO - DAG(s) 'hello_airflow' retrieved from /opt/airflow/orchestration/example_dag.py
[2025-09-23T07:10:05.802+0000] {logging_mixin.py:188} INFO - [2025-09-23T07:10:05.802+0000] {dag.py:3089} INFO - Sync 1 DAGs
[2025-09-23T07:10:05.847+0000] {logging_mixin.py:188} INFO - [2025-09-23T07:10:05.847+0000] {dag.py:3947} INFO - Setting next_dagrun for hello_airflow to None, run_after=None
[2025-09-23T07:10:05.915+0000] {processor.py:183} INFO - Processing /opt/airflow/orchestration/example_dag.py took 0.453 seconds
[2025-09-23T07:10:36.186+0000] {processor.py:161} INFO - Started process (PID=212) to work on /opt/airflow/orchestration/example_dag.py
[2025-09-23T07:10:36.188+0000] {processor.py:830} INFO - Processing file /opt/airflow/orchestration/example_dag.py for tasks to queue
[2025-09-23T07:10:36.193+0000] {logging_mixin.py:188} INFO - [2025-09-23T07:10:36.191+0000] {dagbag.py:545} INFO - Filling up the DagBag from /opt/airflow/orchestration/example_dag.py
[2025-09-23T07:10:36.252+0000] {processor.py:840} INFO - DAG(s) 'hello_airflow' retrieved from /opt/airflow/orchestration/example_dag.py
[2025-09-23T07:10:37.063+0000] {logging_mixin.py:188} INFO - [2025-09-23T07:10:37.062+0000] {dag.py:3089} INFO - Sync 1 DAGs
[2025-09-23T07:10:37.076+0000] {logging_mixin.py:188} INFO - [2025-09-23T07:10:37.076+0000] {dag.py:3947} INFO - Setting next_dagrun for hello_airflow to None, run_after=None
[2025-09-23T07:10:37.101+0000] {processor.py:183} INFO - Processing /opt/airflow/orchestration/example_dag.py took 0.922 seconds
[2025-09-23T07:11:07.341+0000] {processor.py:161} INFO - Started process (PID=246) to work on /opt/airflow/orchestration/example_dag.py
[2025-09-23T07:11:07.342+0000] {processor.py:830} INFO - Processing file /opt/airflow/orchestration/example_dag.py for tasks to queue
[2025-09-23T07:11:07.346+0000] {logging_mixin.py:188} INFO - [2025-09-23T07:11:07.345+0000] {dagbag.py:545} INFO - Filling up the DagBag from /opt/airflow/orchestration/example_dag.py
[2025-09-23T07:11:07.367+0000] {processor.py:840} INFO - DAG(s) 'hello_airflow' retrieved from /opt/airflow/orchestration/example_dag.py
[2025-09-23T07:11:07.407+0000] {logging_mixin.py:188} INFO - [2025-09-23T07:11:07.406+0000] {dag.py:3089} INFO - Sync 1 DAGs
[2025-09-23T07:11:07.457+0000] {logging_mixin.py:188} INFO - [2025-09-23T07:11:07.457+0000] {dag.py:3947} INFO - Setting next_dagrun for hello_airflow to None, run_after=None
[2025-09-23T07:11:07.498+0000] {processor.py:183} INFO - Processing /opt/airflow/orchestration/example_dag.py took 0.165 seconds
[2025-09-23T07:11:37.856+0000] {processor.py:161} INFO - Started process (PID=281) to work on /opt/airflow/orchestration/example_dag.py
[2025-09-23T07:11:37.861+0000] {processor.py:830} INFO - Processing file /opt/airflow/orchestration/example_dag.py for tasks to queue
[2025-09-23T07:11:37.870+0000] {logging_mixin.py:188} INFO - [2025-09-23T07:11:37.867+0000] {dagbag.py:545} INFO - Filling up the DagBag from /opt/airflow/orchestration/example_dag.py
[2025-09-23T07:11:37.974+0000] {processor.py:840} INFO - DAG(s) 'hello_airflow' retrieved from /opt/airflow/orchestration/example_dag.py
[2025-09-23T07:11:38.142+0000] {logging_mixin.py:188} INFO - [2025-09-23T07:11:38.142+0000] {dag.py:3089} INFO - Sync 1 DAGs
[2025-09-23T07:11:38.212+0000] {logging_mixin.py:188} INFO - [2025-09-23T07:11:38.212+0000] {dag.py:3947} INFO - Setting next_dagrun for hello_airflow to None, run_after=None
[2025-09-23T07:11:38.294+0000] {processor.py:183} INFO - Processing /opt/airflow/orchestration/example_dag.py took 0.469 seconds
[2025-09-23T07:12:08.592+0000] {processor.py:161} INFO - Started process (PID=327) to work on /opt/airflow/orchestration/example_dag.py
[2025-09-23T07:12:08.596+0000] {processor.py:830} INFO - Processing file /opt/airflow/orchestration/example_dag.py for tasks to queue
[2025-09-23T07:12:08.612+0000] {logging_mixin.py:188} INFO - [2025-09-23T07:12:08.610+0000] {dagbag.py:545} INFO - Filling up the DagBag from /opt/airflow/orchestration/example_dag.py
[2025-09-23T07:12:08.728+0000] {processor.py:840} INFO - DAG(s) 'hello_airflow' retrieved from /opt/airflow/orchestration/example_dag.py
[2025-09-23T07:12:08.840+0000] {logging_mixin.py:188} INFO - [2025-09-23T07:12:08.840+0000] {dag.py:3089} INFO - Sync 1 DAGs
[2025-09-23T07:12:08.888+0000] {logging_mixin.py:188} INFO - [2025-09-23T07:12:08.887+0000] {dag.py:3947} INFO - Setting next_dagrun for hello_airflow to None, run_after=None
[2025-09-23T07:12:09.377+0000] {processor.py:183} INFO - Processing /opt/airflow/orchestration/example_dag.py took 0.825 seconds
[2025-09-23T07:12:39.597+0000] {processor.py:161} INFO - Started process (PID=364) to work on /opt/airflow/orchestration/example_dag.py
[2025-09-23T07:12:39.599+0000] {processor.py:830} INFO - Processing file /opt/airflow/orchestration/example_dag.py for tasks to queue
[2025-09-23T07:12:39.602+0000] {logging_mixin.py:188} INFO - [2025-09-23T07:12:39.602+0000] {dagbag.py:545} INFO - Filling up the DagBag from /opt/airflow/orchestration/example_dag.py
[2025-09-23T07:12:39.624+0000] {processor.py:840} INFO - DAG(s) 'hello_airflow' retrieved from /opt/airflow/orchestration/example_dag.py
[2025-09-23T07:12:39.667+0000] {logging_mixin.py:188} INFO - [2025-09-23T07:12:39.667+0000] {dag.py:3089} INFO - Sync 1 DAGs
[2025-09-23T07:12:39.860+0000] {logging_mixin.py:188} INFO - [2025-09-23T07:12:39.859+0000] {dag.py:3947} INFO - Setting next_dagrun for hello_airflow to None, run_after=None
[2025-09-23T07:12:39.885+0000] {processor.py:183} INFO - Processing /opt/airflow/orchestration/example_dag.py took 0.297 seconds
[2025-09-23T07:13:10.129+0000] {processor.py:161} INFO - Started process (PID=397) to work on /opt/airflow/orchestration/example_dag.py
[2025-09-23T07:13:10.131+0000] {processor.py:830} INFO - Processing file /opt/airflow/orchestration/example_dag.py for tasks to queue
[2025-09-23T07:13:10.135+0000] {logging_mixin.py:188} INFO - [2025-09-23T07:13:10.134+0000] {dagbag.py:545} INFO - Filling up the DagBag from /opt/airflow/orchestration/example_dag.py
[2025-09-23T07:13:10.156+0000] {processor.py:840} INFO - DAG(s) 'hello_airflow' retrieved from /opt/airflow/orchestration/example_dag.py
[2025-09-23T07:13:10.370+0000] {logging_mixin.py:188} INFO - [2025-09-23T07:13:10.369+0000] {dag.py:3089} INFO - Sync 1 DAGs
[2025-09-23T07:13:10.386+0000] {logging_mixin.py:188} INFO - [2025-09-23T07:13:10.385+0000] {dag.py:3947} INFO - Setting next_dagrun for hello_airflow to None, run_after=None
[2025-09-23T07:13:10.411+0000] {processor.py:183} INFO - Processing /opt/airflow/orchestration/example_dag.py took 0.292 seconds
[2025-09-23T07:13:40.694+0000] {processor.py:161} INFO - Started process (PID=429) to work on /opt/airflow/orchestration/example_dag.py
[2025-09-23T07:13:40.697+0000] {processor.py:830} INFO - Processing file /opt/airflow/orchestration/example_dag.py for tasks to queue
[2025-09-23T07:13:40.703+0000] {logging_mixin.py:188} INFO - [2025-09-23T07:13:40.702+0000] {dagbag.py:545} INFO - Filling up the DagBag from /opt/airflow/orchestration/example_dag.py
[2025-09-23T07:13:40.916+0000] {processor.py:840} INFO - DAG(s) 'hello_airflow' retrieved from /opt/airflow/orchestration/example_dag.py
[2025-09-23T07:13:40.947+0000] {logging_mixin.py:188} INFO - [2025-09-23T07:13:40.947+0000] {dag.py:3089} INFO - Sync 1 DAGs
[2025-09-23T07:13:40.971+0000] {logging_mixin.py:188} INFO - [2025-09-23T07:13:40.970+0000] {dag.py:3947} INFO - Setting next_dagrun for hello_airflow to None, run_after=None
[2025-09-23T07:13:41.002+0000] {processor.py:183} INFO - Processing /opt/airflow/orchestration/example_dag.py took 0.319 seconds
[2025-09-23T07:14:11.179+0000] {processor.py:161} INFO - Started process (PID=463) to work on /opt/airflow/orchestration/example_dag.py
[2025-09-23T07:14:11.182+0000] {processor.py:830} INFO - Processing file /opt/airflow/orchestration/example_dag.py for tasks to queue
[2025-09-23T07:14:11.187+0000] {logging_mixin.py:188} INFO - [2025-09-23T07:14:11.186+0000] {dagbag.py:545} INFO - Filling up the DagBag from /opt/airflow/orchestration/example_dag.py
[2025-09-23T07:14:11.216+0000] {processor.py:840} INFO - DAG(s) 'hello_airflow' retrieved from /opt/airflow/orchestration/example_dag.py
[2025-09-23T07:14:11.275+0000] {logging_mixin.py:188} INFO - [2025-09-23T07:14:11.275+0000] {dag.py:3089} INFO - Sync 1 DAGs
[2025-09-23T07:14:11.300+0000] {logging_mixin.py:188} INFO - [2025-09-23T07:14:11.300+0000] {dag.py:3947} INFO - Setting next_dagrun for hello_airflow to None, run_after=None
[2025-09-23T07:14:11.357+0000] {processor.py:183} INFO - Processing /opt/airflow/orchestration/example_dag.py took 0.190 seconds
[2025-09-23T07:14:41.644+0000] {processor.py:161} INFO - Started process (PID=494) to work on /opt/airflow/orchestration/example_dag.py
[2025-09-23T07:14:41.646+0000] {processor.py:830} INFO - Processing file /opt/airflow/orchestration/example_dag.py for tasks to queue
[2025-09-23T07:14:41.661+0000] {logging_mixin.py:188} INFO - [2025-09-23T07:14:41.658+0000] {dagbag.py:545} INFO - Filling up the DagBag from /opt/airflow/orchestration/example_dag.py
[2025-09-23T07:14:41.693+0000] {processor.py:840} INFO - DAG(s) 'hello_airflow' retrieved from /opt/airflow/orchestration/example_dag.py
[2025-09-23T07:14:41.740+0000] {logging_mixin.py:188} INFO - [2025-09-23T07:14:41.740+0000] {dag.py:3089} INFO - Sync 1 DAGs
[2025-09-23T07:14:41.767+0000] {logging_mixin.py:188} INFO - [2025-09-23T07:14:41.767+0000] {dag.py:3947} INFO - Setting next_dagrun for hello_airflow to None, run_after=None
[2025-09-23T07:14:41.798+0000] {processor.py:183} INFO - Processing /opt/airflow/orchestration/example_dag.py took 0.175 seconds
[2025-09-23T07:15:12.031+0000] {processor.py:161} INFO - Started process (PID=524) to work on /opt/airflow/orchestration/example_dag.py
[2025-09-23T07:15:12.033+0000] {processor.py:830} INFO - Processing file /opt/airflow/orchestration/example_dag.py for tasks to queue
[2025-09-23T07:15:12.036+0000] {logging_mixin.py:188} INFO - [2025-09-23T07:15:12.036+0000] {dagbag.py:545} INFO - Filling up the DagBag from /opt/airflow/orchestration/example_dag.py
[2025-09-23T07:15:12.052+0000] {processor.py:840} INFO - DAG(s) 'hello_airflow' retrieved from /opt/airflow/orchestration/example_dag.py
[2025-09-23T07:15:12.105+0000] {logging_mixin.py:188} INFO - [2025-09-23T07:15:12.105+0000] {dag.py:3089} INFO - Sync 1 DAGs
[2025-09-23T07:15:12.130+0000] {logging_mixin.py:188} INFO - [2025-09-23T07:15:12.130+0000] {dag.py:3947} INFO - Setting next_dagrun for hello_airflow to None, run_after=None
[2025-09-23T07:15:12.162+0000] {processor.py:183} INFO - Processing /opt/airflow/orchestration/example_dag.py took 0.139 seconds
[2025-09-23T07:15:42.471+0000] {processor.py:161} INFO - Started process (PID=554) to work on /opt/airflow/orchestration/example_dag.py
[2025-09-23T07:15:42.474+0000] {processor.py:830} INFO - Processing file /opt/airflow/orchestration/example_dag.py for tasks to queue
[2025-09-23T07:15:42.479+0000] {logging_mixin.py:188} INFO - [2025-09-23T07:15:42.478+0000] {dagbag.py:545} INFO - Filling up the DagBag from /opt/airflow/orchestration/example_dag.py
[2025-09-23T07:15:42.500+0000] {processor.py:840} INFO - DAG(s) 'hello_airflow' retrieved from /opt/airflow/orchestration/example_dag.py
[2025-09-23T07:15:42.553+0000] {logging_mixin.py:188} INFO - [2025-09-23T07:15:42.553+0000] {dag.py:3089} INFO - Sync 1 DAGs
[2025-09-23T07:15:42.576+0000] {logging_mixin.py:188} INFO - [2025-09-23T07:15:42.576+0000] {dag.py:3947} INFO - Setting next_dagrun for hello_airflow to None, run_after=None
[2025-09-23T07:15:42.602+0000] {processor.py:183} INFO - Processing /opt/airflow/orchestration/example_dag.py took 0.147 seconds
[2025-09-23T07:16:12.979+0000] {processor.py:161} INFO - Started process (PID=586) to work on /opt/airflow/orchestration/example_dag.py
[2025-09-23T07:16:12.982+0000] {processor.py:830} INFO - Processing file /opt/airflow/orchestration/example_dag.py for tasks to queue
[2025-09-23T07:16:12.985+0000] {logging_mixin.py:188} INFO - [2025-09-23T07:16:12.985+0000] {dagbag.py:545} INFO - Filling up the DagBag from /opt/airflow/orchestration/example_dag.py
[2025-09-23T07:16:13.017+0000] {processor.py:840} INFO - DAG(s) 'hello_airflow' retrieved from /opt/airflow/orchestration/example_dag.py
[2025-09-23T07:16:13.064+0000] {logging_mixin.py:188} INFO - [2025-09-23T07:16:13.064+0000] {dag.py:3089} INFO - Sync 1 DAGs
[2025-09-23T07:16:13.090+0000] {logging_mixin.py:188} INFO - [2025-09-23T07:16:13.090+0000] {dag.py:3947} INFO - Setting next_dagrun for hello_airflow to None, run_after=None
[2025-09-23T07:16:13.121+0000] {processor.py:183} INFO - Processing /opt/airflow/orchestration/example_dag.py took 0.149 seconds
[2025-09-23T07:16:43.354+0000] {processor.py:161} INFO - Started process (PID=619) to work on /opt/airflow/orchestration/example_dag.py
[2025-09-23T07:16:43.358+0000] {processor.py:830} INFO - Processing file /opt/airflow/orchestration/example_dag.py for tasks to queue
[2025-09-23T07:16:43.364+0000] {logging_mixin.py:188} INFO - [2025-09-23T07:16:43.364+0000] {dagbag.py:545} INFO - Filling up the DagBag from /opt/airflow/orchestration/example_dag.py
[2025-09-23T07:16:43.400+0000] {processor.py:840} INFO - DAG(s) 'hello_airflow' retrieved from /opt/airflow/orchestration/example_dag.py
[2025-09-23T07:16:43.442+0000] {logging_mixin.py:188} INFO - [2025-09-23T07:16:43.442+0000] {dag.py:3089} INFO - Sync 1 DAGs
[2025-09-23T07:16:43.462+0000] {logging_mixin.py:188} INFO - [2025-09-23T07:16:43.461+0000] {dag.py:3947} INFO - Setting next_dagrun for hello_airflow to None, run_after=None
[2025-09-23T07:16:43.485+0000] {processor.py:183} INFO - Processing /opt/airflow/orchestration/example_dag.py took 0.150 seconds
[2025-09-23T07:17:13.718+0000] {processor.py:161} INFO - Started process (PID=650) to work on /opt/airflow/orchestration/example_dag.py
[2025-09-23T07:17:13.720+0000] {processor.py:830} INFO - Processing file /opt/airflow/orchestration/example_dag.py for tasks to queue
[2025-09-23T07:17:13.724+0000] {logging_mixin.py:188} INFO - [2025-09-23T07:17:13.724+0000] {dagbag.py:545} INFO - Filling up the DagBag from /opt/airflow/orchestration/example_dag.py
[2025-09-23T07:17:13.741+0000] {processor.py:840} INFO - DAG(s) 'hello_airflow' retrieved from /opt/airflow/orchestration/example_dag.py
[2025-09-23T07:17:13.781+0000] {logging_mixin.py:188} INFO - [2025-09-23T07:17:13.780+0000] {dag.py:3089} INFO - Sync 1 DAGs
[2025-09-23T07:17:13.800+0000] {logging_mixin.py:188} INFO - [2025-09-23T07:17:13.800+0000] {dag.py:3947} INFO - Setting next_dagrun for hello_airflow to None, run_after=None
[2025-09-23T07:17:13.862+0000] {processor.py:183} INFO - Processing /opt/airflow/orchestration/example_dag.py took 0.152 seconds
[2025-09-23T07:17:44.227+0000] {processor.py:161} INFO - Started process (PID=683) to work on /opt/airflow/orchestration/example_dag.py
[2025-09-23T07:17:44.230+0000] {processor.py:830} INFO - Processing file /opt/airflow/orchestration/example_dag.py for tasks to queue
[2025-09-23T07:17:44.235+0000] {logging_mixin.py:188} INFO - [2025-09-23T07:17:44.234+0000] {dagbag.py:545} INFO - Filling up the DagBag from /opt/airflow/orchestration/example_dag.py
[2025-09-23T07:17:44.257+0000] {processor.py:840} INFO - DAG(s) 'hello_airflow' retrieved from /opt/airflow/orchestration/example_dag.py
[2025-09-23T07:17:44.302+0000] {logging_mixin.py:188} INFO - [2025-09-23T07:17:44.301+0000] {dag.py:3089} INFO - Sync 1 DAGs
[2025-09-23T07:17:44.322+0000] {logging_mixin.py:188} INFO - [2025-09-23T07:17:44.322+0000] {dag.py:3947} INFO - Setting next_dagrun for hello_airflow to None, run_after=None
[2025-09-23T07:17:44.376+0000] {processor.py:183} INFO - Processing /opt/airflow/orchestration/example_dag.py took 0.166 seconds
[2025-09-23T07:18:14.589+0000] {processor.py:161} INFO - Started process (PID=711) to work on /opt/airflow/orchestration/example_dag.py
[2025-09-23T07:18:14.593+0000] {processor.py:830} INFO - Processing file /opt/airflow/orchestration/example_dag.py for tasks to queue
[2025-09-23T07:18:14.596+0000] {logging_mixin.py:188} INFO - [2025-09-23T07:18:14.596+0000] {dagbag.py:545} INFO - Filling up the DagBag from /opt/airflow/orchestration/example_dag.py
[2025-09-23T07:18:14.615+0000] {processor.py:840} INFO - DAG(s) 'hello_airflow' retrieved from /opt/airflow/orchestration/example_dag.py
[2025-09-23T07:18:14.657+0000] {logging_mixin.py:188} INFO - [2025-09-23T07:18:14.657+0000] {dag.py:3089} INFO - Sync 1 DAGs
[2025-09-23T07:18:14.679+0000] {logging_mixin.py:188} INFO - [2025-09-23T07:18:14.679+0000] {dag.py:3947} INFO - Setting next_dagrun for hello_airflow to None, run_after=None
[2025-09-23T07:18:14.705+0000] {processor.py:183} INFO - Processing /opt/airflow/orchestration/example_dag.py took 0.128 seconds
[2025-09-23T07:18:44.954+0000] {processor.py:161} INFO - Started process (PID=744) to work on /opt/airflow/orchestration/example_dag.py
[2025-09-23T07:18:44.957+0000] {processor.py:830} INFO - Processing file /opt/airflow/orchestration/example_dag.py for tasks to queue
[2025-09-23T07:18:44.964+0000] {logging_mixin.py:188} INFO - [2025-09-23T07:18:44.963+0000] {dagbag.py:545} INFO - Filling up the DagBag from /opt/airflow/orchestration/example_dag.py
[2025-09-23T07:18:44.987+0000] {processor.py:840} INFO - DAG(s) 'hello_airflow' retrieved from /opt/airflow/orchestration/example_dag.py
[2025-09-23T07:18:45.039+0000] {logging_mixin.py:188} INFO - [2025-09-23T07:18:45.038+0000] {dag.py:3089} INFO - Sync 1 DAGs
[2025-09-23T07:18:45.062+0000] {logging_mixin.py:188} INFO - [2025-09-23T07:18:45.062+0000] {dag.py:3947} INFO - Setting next_dagrun for hello_airflow to None, run_after=None
[2025-09-23T07:18:45.097+0000] {processor.py:183} INFO - Processing /opt/airflow/orchestration/example_dag.py took 0.157 seconds
[2025-09-23T07:19:15.313+0000] {processor.py:161} INFO - Started process (PID=775) to work on /opt/airflow/orchestration/example_dag.py
[2025-09-23T07:19:15.315+0000] {processor.py:830} INFO - Processing file /opt/airflow/orchestration/example_dag.py for tasks to queue
[2025-09-23T07:19:15.319+0000] {logging_mixin.py:188} INFO - [2025-09-23T07:19:15.318+0000] {dagbag.py:545} INFO - Filling up the DagBag from /opt/airflow/orchestration/example_dag.py
[2025-09-23T07:19:15.339+0000] {processor.py:840} INFO - DAG(s) 'hello_airflow' retrieved from /opt/airflow/orchestration/example_dag.py
[2025-09-23T07:19:15.381+0000] {logging_mixin.py:188} INFO - [2025-09-23T07:19:15.381+0000] {dag.py:3089} INFO - Sync 1 DAGs
[2025-09-23T07:19:15.424+0000] {logging_mixin.py:188} INFO - [2025-09-23T07:19:15.423+0000] {dag.py:3947} INFO - Setting next_dagrun for hello_airflow to None, run_after=None
[2025-09-23T07:19:15.454+0000] {processor.py:183} INFO - Processing /opt/airflow/orchestration/example_dag.py took 0.150 seconds
[2025-09-23T07:19:45.709+0000] {processor.py:161} INFO - Started process (PID=805) to work on /opt/airflow/orchestration/example_dag.py
[2025-09-23T07:19:45.711+0000] {processor.py:830} INFO - Processing file /opt/airflow/orchestration/example_dag.py for tasks to queue
[2025-09-23T07:19:45.715+0000] {logging_mixin.py:188} INFO - [2025-09-23T07:19:45.714+0000] {dagbag.py:545} INFO - Filling up the DagBag from /opt/airflow/orchestration/example_dag.py
[2025-09-23T07:19:45.731+0000] {processor.py:840} INFO - DAG(s) 'hello_airflow' retrieved from /opt/airflow/orchestration/example_dag.py
[2025-09-23T07:19:45.766+0000] {logging_mixin.py:188} INFO - [2025-09-23T07:19:45.766+0000] {dag.py:3089} INFO - Sync 1 DAGs
[2025-09-23T07:19:45.785+0000] {logging_mixin.py:188} INFO - [2025-09-23T07:19:45.785+0000] {dag.py:3947} INFO - Setting next_dagrun for hello_airflow to None, run_after=None
[2025-09-23T07:19:45.812+0000] {processor.py:183} INFO - Processing /opt/airflow/orchestration/example_dag.py took 0.120 seconds
[2025-09-23T07:20:15.887+0000] {processor.py:161} INFO - Started process (PID=831) to work on /opt/airflow/orchestration/example_dag.py
[2025-09-23T07:20:15.890+0000] {processor.py:830} INFO - Processing file /opt/airflow/orchestration/example_dag.py for tasks to queue
[2025-09-23T07:20:15.896+0000] {logging_mixin.py:188} INFO - [2025-09-23T07:20:15.895+0000] {dagbag.py:545} INFO - Filling up the DagBag from /opt/airflow/orchestration/example_dag.py
[2025-09-23T07:20:15.916+0000] {processor.py:840} INFO - DAG(s) 'hello_airflow' retrieved from /opt/airflow/orchestration/example_dag.py
[2025-09-23T07:20:15.955+0000] {logging_mixin.py:188} INFO - [2025-09-23T07:20:15.955+0000] {dag.py:3089} INFO - Sync 1 DAGs
[2025-09-23T07:20:15.976+0000] {logging_mixin.py:188} INFO - [2025-09-23T07:20:15.976+0000] {dag.py:3947} INFO - Setting next_dagrun for hello_airflow to None, run_after=None
[2025-09-23T07:20:16.000+0000] {processor.py:183} INFO - Processing /opt/airflow/orchestration/example_dag.py took 0.125 seconds
[2025-09-23T07:20:46.257+0000] {processor.py:161} INFO - Started process (PID=861) to work on /opt/airflow/orchestration/example_dag.py
[2025-09-23T07:20:46.259+0000] {processor.py:830} INFO - Processing file /opt/airflow/orchestration/example_dag.py for tasks to queue
[2025-09-23T07:20:46.266+0000] {logging_mixin.py:188} INFO - [2025-09-23T07:20:46.265+0000] {dagbag.py:545} INFO - Filling up the DagBag from /opt/airflow/orchestration/example_dag.py
[2025-09-23T07:20:46.287+0000] {processor.py:840} INFO - DAG(s) 'hello_airflow' retrieved from /opt/airflow/orchestration/example_dag.py
[2025-09-23T07:20:46.331+0000] {logging_mixin.py:188} INFO - [2025-09-23T07:20:46.331+0000] {dag.py:3089} INFO - Sync 1 DAGs
[2025-09-23T07:20:46.359+0000] {logging_mixin.py:188} INFO - [2025-09-23T07:20:46.359+0000] {dag.py:3947} INFO - Setting next_dagrun for hello_airflow to None, run_after=None
[2025-09-23T07:20:46.400+0000] {processor.py:183} INFO - Processing /opt/airflow/orchestration/example_dag.py took 0.155 seconds
[2025-09-23T07:21:16.600+0000] {processor.py:161} INFO - Started process (PID=893) to work on /opt/airflow/orchestration/example_dag.py
[2025-09-23T07:21:16.603+0000] {processor.py:830} INFO - Processing file /opt/airflow/orchestration/example_dag.py for tasks to queue
[2025-09-23T07:21:16.609+0000] {logging_mixin.py:188} INFO - [2025-09-23T07:21:16.608+0000] {dagbag.py:545} INFO - Filling up the DagBag from /opt/airflow/orchestration/example_dag.py
[2025-09-23T07:21:16.631+0000] {processor.py:840} INFO - DAG(s) 'hello_airflow' retrieved from /opt/airflow/orchestration/example_dag.py
[2025-09-23T07:21:16.672+0000] {logging_mixin.py:188} INFO - [2025-09-23T07:21:16.672+0000] {dag.py:3089} INFO - Sync 1 DAGs
[2025-09-23T07:21:16.694+0000] {logging_mixin.py:188} INFO - [2025-09-23T07:21:16.694+0000] {dag.py:3947} INFO - Setting next_dagrun for hello_airflow to None, run_after=None
[2025-09-23T07:21:16.730+0000] {processor.py:183} INFO - Processing /opt/airflow/orchestration/example_dag.py took 0.141 seconds
[2025-09-23T07:21:46.942+0000] {processor.py:161} INFO - Started process (PID=923) to work on /opt/airflow/orchestration/example_dag.py
[2025-09-23T07:21:46.945+0000] {processor.py:830} INFO - Processing file /opt/airflow/orchestration/example_dag.py for tasks to queue
[2025-09-23T07:21:46.950+0000] {logging_mixin.py:188} INFO - [2025-09-23T07:21:46.949+0000] {dagbag.py:545} INFO - Filling up the DagBag from /opt/airflow/orchestration/example_dag.py
[2025-09-23T07:21:46.979+0000] {processor.py:840} INFO - DAG(s) 'hello_airflow' retrieved from /opt/airflow/orchestration/example_dag.py
[2025-09-23T07:21:47.031+0000] {logging_mixin.py:188} INFO - [2025-09-23T07:21:47.031+0000] {dag.py:3089} INFO - Sync 1 DAGs
[2025-09-23T07:21:47.054+0000] {logging_mixin.py:188} INFO - [2025-09-23T07:21:47.054+0000] {dag.py:3947} INFO - Setting next_dagrun for hello_airflow to None, run_after=None
[2025-09-23T07:21:47.082+0000] {processor.py:183} INFO - Processing /opt/airflow/orchestration/example_dag.py took 0.150 seconds
[2025-09-23T07:22:17.301+0000] {processor.py:161} INFO - Started process (PID=954) to work on /opt/airflow/orchestration/example_dag.py
[2025-09-23T07:22:17.305+0000] {processor.py:830} INFO - Processing file /opt/airflow/orchestration/example_dag.py for tasks to queue
[2025-09-23T07:22:17.309+0000] {logging_mixin.py:188} INFO - [2025-09-23T07:22:17.308+0000] {dagbag.py:545} INFO - Filling up the DagBag from /opt/airflow/orchestration/example_dag.py
[2025-09-23T07:22:17.330+0000] {processor.py:840} INFO - DAG(s) 'hello_airflow' retrieved from /opt/airflow/orchestration/example_dag.py
[2025-09-23T07:22:17.369+0000] {logging_mixin.py:188} INFO - [2025-09-23T07:22:17.368+0000] {dag.py:3089} INFO - Sync 1 DAGs
[2025-09-23T07:22:17.389+0000] {logging_mixin.py:188} INFO - [2025-09-23T07:22:17.389+0000] {dag.py:3947} INFO - Setting next_dagrun for hello_airflow to None, run_after=None
[2025-09-23T07:22:17.414+0000] {processor.py:183} INFO - Processing /opt/airflow/orchestration/example_dag.py took 0.123 seconds
[2025-09-23T07:22:47.632+0000] {processor.py:161} INFO - Started process (PID=985) to work on /opt/airflow/orchestration/example_dag.py
[2025-09-23T07:22:47.636+0000] {processor.py:830} INFO - Processing file /opt/airflow/orchestration/example_dag.py for tasks to queue
[2025-09-23T07:22:47.645+0000] {logging_mixin.py:188} INFO - [2025-09-23T07:22:47.644+0000] {dagbag.py:545} INFO - Filling up the DagBag from /opt/airflow/orchestration/example_dag.py
[2025-09-23T07:22:47.676+0000] {processor.py:840} INFO - DAG(s) 'hello_airflow' retrieved from /opt/airflow/orchestration/example_dag.py
[2025-09-23T07:22:47.731+0000] {logging_mixin.py:188} INFO - [2025-09-23T07:22:47.731+0000] {dag.py:3089} INFO - Sync 1 DAGs
[2025-09-23T07:22:47.765+0000] {logging_mixin.py:188} INFO - [2025-09-23T07:22:47.765+0000] {dag.py:3947} INFO - Setting next_dagrun for hello_airflow to None, run_after=None
[2025-09-23T07:22:47.801+0000] {processor.py:183} INFO - Processing /opt/airflow/orchestration/example_dag.py took 0.181 seconds
[2025-09-23T07:23:18.054+0000] {processor.py:161} INFO - Started process (PID=1017) to work on /opt/airflow/orchestration/example_dag.py
[2025-09-23T07:23:18.056+0000] {processor.py:830} INFO - Processing file /opt/airflow/orchestration/example_dag.py for tasks to queue
[2025-09-23T07:23:18.063+0000] {logging_mixin.py:188} INFO - [2025-09-23T07:23:18.062+0000] {dagbag.py:545} INFO - Filling up the DagBag from /opt/airflow/orchestration/example_dag.py
[2025-09-23T07:23:18.084+0000] {processor.py:840} INFO - DAG(s) 'hello_airflow' retrieved from /opt/airflow/orchestration/example_dag.py
[2025-09-23T07:23:18.127+0000] {logging_mixin.py:188} INFO - [2025-09-23T07:23:18.127+0000] {dag.py:3089} INFO - Sync 1 DAGs
[2025-09-23T07:23:18.151+0000] {logging_mixin.py:188} INFO - [2025-09-23T07:23:18.150+0000] {dag.py:3947} INFO - Setting next_dagrun for hello_airflow to None, run_after=None
[2025-09-23T07:23:18.180+0000] {processor.py:183} INFO - Processing /opt/airflow/orchestration/example_dag.py took 0.141 seconds
[2025-09-23T07:23:48.429+0000] {processor.py:161} INFO - Started process (PID=1049) to work on /opt/airflow/orchestration/example_dag.py
[2025-09-23T07:23:48.431+0000] {processor.py:830} INFO - Processing file /opt/airflow/orchestration/example_dag.py for tasks to queue
[2025-09-23T07:23:48.435+0000] {logging_mixin.py:188} INFO - [2025-09-23T07:23:48.435+0000] {dagbag.py:545} INFO - Filling up the DagBag from /opt/airflow/orchestration/example_dag.py
[2025-09-23T07:23:48.458+0000] {processor.py:840} INFO - DAG(s) 'hello_airflow' retrieved from /opt/airflow/orchestration/example_dag.py
[2025-09-23T07:23:48.499+0000] {logging_mixin.py:188} INFO - [2025-09-23T07:23:48.498+0000] {dag.py:3089} INFO - Sync 1 DAGs
[2025-09-23T07:23:48.523+0000] {logging_mixin.py:188} INFO - [2025-09-23T07:23:48.523+0000] {dag.py:3947} INFO - Setting next_dagrun for hello_airflow to None, run_after=None
[2025-09-23T07:23:48.553+0000] {processor.py:183} INFO - Processing /opt/airflow/orchestration/example_dag.py took 0.140 seconds
[2025-09-23T07:24:18.757+0000] {processor.py:161} INFO - Started process (PID=1079) to work on /opt/airflow/orchestration/example_dag.py
[2025-09-23T07:24:18.761+0000] {processor.py:830} INFO - Processing file /opt/airflow/orchestration/example_dag.py for tasks to queue
[2025-09-23T07:24:18.764+0000] {logging_mixin.py:188} INFO - [2025-09-23T07:24:18.764+0000] {dagbag.py:545} INFO - Filling up the DagBag from /opt/airflow/orchestration/example_dag.py
[2025-09-23T07:24:18.787+0000] {processor.py:840} INFO - DAG(s) 'hello_airflow' retrieved from /opt/airflow/orchestration/example_dag.py
[2025-09-23T07:24:18.830+0000] {logging_mixin.py:188} INFO - [2025-09-23T07:24:18.830+0000] {dag.py:3089} INFO - Sync 1 DAGs
[2025-09-23T07:24:18.854+0000] {logging_mixin.py:188} INFO - [2025-09-23T07:24:18.854+0000] {dag.py:3947} INFO - Setting next_dagrun for hello_airflow to None, run_after=None
[2025-09-23T07:24:18.886+0000] {processor.py:183} INFO - Processing /opt/airflow/orchestration/example_dag.py took 0.138 seconds
[2025-09-23T07:24:49.151+0000] {processor.py:161} INFO - Started process (PID=1110) to work on /opt/airflow/orchestration/example_dag.py
[2025-09-23T07:24:49.153+0000] {processor.py:830} INFO - Processing file /opt/airflow/orchestration/example_dag.py for tasks to queue
[2025-09-23T07:24:49.163+0000] {logging_mixin.py:188} INFO - [2025-09-23T07:24:49.163+0000] {dagbag.py:545} INFO - Filling up the DagBag from /opt/airflow/orchestration/example_dag.py
[2025-09-23T07:24:49.185+0000] {processor.py:840} INFO - DAG(s) 'hello_airflow' retrieved from /opt/airflow/orchestration/example_dag.py
[2025-09-23T07:24:49.231+0000] {logging_mixin.py:188} INFO - [2025-09-23T07:24:49.230+0000] {dag.py:3089} INFO - Sync 1 DAGs
[2025-09-23T07:24:49.256+0000] {logging_mixin.py:188} INFO - [2025-09-23T07:24:49.256+0000] {dag.py:3947} INFO - Setting next_dagrun for hello_airflow to None, run_after=None
[2025-09-23T07:24:49.294+0000] {processor.py:183} INFO - Processing /opt/airflow/orchestration/example_dag.py took 0.155 seconds
[2025-09-23T07:25:19.542+0000] {processor.py:161} INFO - Started process (PID=1139) to work on /opt/airflow/orchestration/example_dag.py
[2025-09-23T07:25:19.545+0000] {processor.py:830} INFO - Processing file /opt/airflow/orchestration/example_dag.py for tasks to queue
[2025-09-23T07:25:19.551+0000] {logging_mixin.py:188} INFO - [2025-09-23T07:25:19.549+0000] {dagbag.py:545} INFO - Filling up the DagBag from /opt/airflow/orchestration/example_dag.py
[2025-09-23T07:25:19.573+0000] {processor.py:840} INFO - DAG(s) 'hello_airflow' retrieved from /opt/airflow/orchestration/example_dag.py
[2025-09-23T07:25:19.640+0000] {logging_mixin.py:188} INFO - [2025-09-23T07:25:19.640+0000] {dag.py:3089} INFO - Sync 1 DAGs
[2025-09-23T07:25:19.658+0000] {logging_mixin.py:188} INFO - [2025-09-23T07:25:19.658+0000] {dag.py:3947} INFO - Setting next_dagrun for hello_airflow to None, run_after=None
[2025-09-23T07:25:19.686+0000] {processor.py:183} INFO - Processing /opt/airflow/orchestration/example_dag.py took 0.157 seconds
[2025-09-23T07:25:49.922+0000] {processor.py:161} INFO - Started process (PID=1172) to work on /opt/airflow/orchestration/example_dag.py
[2025-09-23T07:25:49.924+0000] {processor.py:830} INFO - Processing file /opt/airflow/orchestration/example_dag.py for tasks to queue
[2025-09-23T07:25:49.928+0000] {logging_mixin.py:188} INFO - [2025-09-23T07:25:49.928+0000] {dagbag.py:545} INFO - Filling up the DagBag from /opt/airflow/orchestration/example_dag.py
[2025-09-23T07:25:49.944+0000] {processor.py:840} INFO - DAG(s) 'hello_airflow' retrieved from /opt/airflow/orchestration/example_dag.py
[2025-09-23T07:25:49.994+0000] {logging_mixin.py:188} INFO - [2025-09-23T07:25:49.994+0000] {dag.py:3089} INFO - Sync 1 DAGs
[2025-09-23T07:25:50.019+0000] {logging_mixin.py:188} INFO - [2025-09-23T07:25:50.018+0000] {dag.py:3947} INFO - Setting next_dagrun for hello_airflow to None, run_after=None
[2025-09-23T07:25:50.045+0000] {processor.py:183} INFO - Processing /opt/airflow/orchestration/example_dag.py took 0.133 seconds
[2025-09-23T07:26:20.291+0000] {processor.py:161} INFO - Started process (PID=1202) to work on /opt/airflow/orchestration/example_dag.py
[2025-09-23T07:26:20.295+0000] {processor.py:830} INFO - Processing file /opt/airflow/orchestration/example_dag.py for tasks to queue
[2025-09-23T07:26:20.301+0000] {logging_mixin.py:188} INFO - [2025-09-23T07:26:20.300+0000] {dagbag.py:545} INFO - Filling up the DagBag from /opt/airflow/orchestration/example_dag.py
[2025-09-23T07:26:20.322+0000] {processor.py:840} INFO - DAG(s) 'hello_airflow' retrieved from /opt/airflow/orchestration/example_dag.py
[2025-09-23T07:26:20.366+0000] {logging_mixin.py:188} INFO - [2025-09-23T07:26:20.366+0000] {dag.py:3089} INFO - Sync 1 DAGs
[2025-09-23T07:26:20.393+0000] {logging_mixin.py:188} INFO - [2025-09-23T07:26:20.393+0000] {dag.py:3947} INFO - Setting next_dagrun for hello_airflow to None, run_after=None
[2025-09-23T07:26:20.431+0000] {processor.py:183} INFO - Processing /opt/airflow/orchestration/example_dag.py took 0.153 seconds
[2025-09-23T07:26:50.663+0000] {processor.py:161} INFO - Started process (PID=1232) to work on /opt/airflow/orchestration/example_dag.py
[2025-09-23T07:26:50.665+0000] {processor.py:830} INFO - Processing file /opt/airflow/orchestration/example_dag.py for tasks to queue
[2025-09-23T07:26:50.670+0000] {logging_mixin.py:188} INFO - [2025-09-23T07:26:50.670+0000] {dagbag.py:545} INFO - Filling up the DagBag from /opt/airflow/orchestration/example_dag.py
[2025-09-23T07:26:50.711+0000] {processor.py:840} INFO - DAG(s) 'hello_airflow' retrieved from /opt/airflow/orchestration/example_dag.py
[2025-09-23T07:26:50.766+0000] {logging_mixin.py:188} INFO - [2025-09-23T07:26:50.766+0000] {dag.py:3089} INFO - Sync 1 DAGs
[2025-09-23T07:26:50.795+0000] {logging_mixin.py:188} INFO - [2025-09-23T07:26:50.795+0000] {dag.py:3947} INFO - Setting next_dagrun for hello_airflow to None, run_after=None
[2025-09-23T07:26:50.831+0000] {processor.py:183} INFO - Processing /opt/airflow/orchestration/example_dag.py took 0.181 seconds
[2025-09-23T07:27:21.179+0000] {processor.py:161} INFO - Started process (PID=1264) to work on /opt/airflow/orchestration/example_dag.py
[2025-09-23T07:27:21.183+0000] {processor.py:830} INFO - Processing file /opt/airflow/orchestration/example_dag.py for tasks to queue
[2025-09-23T07:27:21.186+0000] {logging_mixin.py:188} INFO - [2025-09-23T07:27:21.185+0000] {dagbag.py:545} INFO - Filling up the DagBag from /opt/airflow/orchestration/example_dag.py
[2025-09-23T07:27:21.204+0000] {processor.py:840} INFO - DAG(s) 'hello_airflow' retrieved from /opt/airflow/orchestration/example_dag.py
[2025-09-23T07:27:21.242+0000] {logging_mixin.py:188} INFO - [2025-09-23T07:27:21.242+0000] {dag.py:3089} INFO - Sync 1 DAGs
[2025-09-23T07:27:21.279+0000] {logging_mixin.py:188} INFO - [2025-09-23T07:27:21.279+0000] {dag.py:3947} INFO - Setting next_dagrun for hello_airflow to None, run_after=None
[2025-09-23T07:27:21.301+0000] {processor.py:183} INFO - Processing /opt/airflow/orchestration/example_dag.py took 0.130 seconds
